C:\USERS\MICKEY\DOCUMENTS\VISUAL STUDIO 2012\PROJECTS\PIRATES\PIRATES\DEBUG\GAME.OBJ
C:\USERS\MICKEY\DOCUMENTS\VISUAL STUDIO 2012\PROJECTS\PIRATES\PIRATES\DEBUG\GAMECONTROLLER.OBJ
C:\USERS\MICKEY\DOCUMENTS\VISUAL STUDIO 2012\PROJECTS\PIRATES\PIRATES\DEBUG\LANDENCOUNTER.OBJ
C:\USERS\MICKEY\DOCUMENTS\VISUAL STUDIO 2012\PROJECTS\PIRATES\PIRATES\DEBUG\MAIN.OBJ
C:\USERS\MICKEY\DOCUMENTS\VISUAL STUDIO 2012\PROJECTS\PIRATES\PIRATES\DEBUG\MAPBLOCK.OBJ
C:\USERS\MICKEY\DOCUMENTS\VISUAL STUDIO 2012\PROJECTS\PIRATES\PIRATES\DEBUG\MAPVIEW.OBJ
C:\USERS\MICKEY\DOCUMENTS\VISUAL STUDIO 2012\PROJECTS\PIRATES\PIRATES\DEBUG\MOUSEDRAGMANAGER.OBJ
C:\USERS\MICKEY\DOCUMENTS\VISUAL STUDIO 2012\PROJECTS\PIRATES\PIRATES\DEBUG\MOVABLEOBJECT.OBJ
C:\USERS\MICKEY\DOCUMENTS\VISUAL STUDIO 2012\PROJECTS\PIRATES\PIRATES\DEBUG\OBJECT.OBJ
C:\USERS\MICKEY\DOCUMENTS\VISUAL STUDIO 2012\PROJECTS\PIRATES\PIRATES\DEBUG\SHIP.OBJ
C:\USERS\MICKEY\DOCUMENTS\VISUAL STUDIO 2012\PROJECTS\PIRATES\PIRATES\DEBUG\SHIPACTIONOBJECT.OBJ
C:\USERS\MICKEY\DOCUMENTS\VISUAL STUDIO 2012\PROJECTS\PIRATES\PIRATES\DEBUG\SHIPACTIONOBJECTMANAGER.OBJ
C:\USERS\MICKEY\DOCUMENTS\VISUAL STUDIO 2012\PROJECTS\PIRATES\PIRATES\DEBUG\SHIPBLOCK.OBJ
C:\USERS\MICKEY\DOCUMENTS\VISUAL STUDIO 2012\PROJECTS\PIRATES\PIRATES\DEBUG\CHARACTERMOVEMENT.OBJ
C:\USERS\MICKEY\DOCUMENTS\VISUAL STUDIO 2012\PROJECTS\PIRATES\PIRATES\DEBUG\CHARACTERMOVEMENTMANAGER.OBJ
C:\USERS\MICKEY\DOCUMENTS\VISUAL STUDIO 2012\PROJECTS\PIRATES\PIRATES\DEBUG\SHIPCANNONSLOT.OBJ
C:\USERS\MICKEY\DOCUMENTS\VISUAL STUDIO 2012\PROJECTS\PIRATES\PIRATES\DEBUG\SHIPVIEW.OBJ
C:\USERS\MICKEY\DOCUMENTS\VISUAL STUDIO 2012\PROJECTS\PIRATES\PIRATES\DEBUG\SHIPVIEWMANAGER.OBJ
C:\USERS\MICKEY\DOCUMENTS\VISUAL STUDIO 2012\PROJECTS\PIRATES\PIRATES\DEBUG\SPLASHVIEWMANAGER.OBJ
C:\USERS\MICKEY\DOCUMENTS\VISUAL STUDIO 2012\PROJECTS\PIRATES\PIRATES\DEBUG\WEAPON.OBJ
C:\USERS\MICKEY\DOCUMENTS\VISUAL STUDIO 2012\PROJECTS\PIRATES\PIRATES\DEBUG\CANNON.OBJ
C:\USERS\MICKEY\DOCUMENTS\VISUAL STUDIO 2012\PROJECTS\PIRATES\PIRATES\DEBUG\CREWMEMBER.OBJ
C:\USERS\MICKEY\DOCUMENTS\VISUAL STUDIO 2012\PROJECTS\PIRATES\PIRATES\DEBUG\ENCOUNTERGENERATOR.OBJ
C:\USERS\MICKEY\DOCUMENTS\VISUAL STUDIO 2012\PROJECTS\PIRATES\PIRATES\DEBUG\VC110.PDB
C:\USERS\MICKEY\DOCUMENTS\VISUAL STUDIO 2012\PROJECTS\PIRATES\PIRATES\DEBUG\MAPVIEWMANAGER.OBJ
C:\USERS\MICKEY\DOCUMENTS\VISUAL STUDIO 2012\PROJECTS\PIRATES\DEBUG\PIRATES.ILK
C:\USERS\MICKEY\DOCUMENTS\VISUAL STUDIO 2012\PROJECTS\PIRATES\DEBUG\PIRATES.EXE
C:\USERS\MICKEY\DOCUMENTS\VISUAL STUDIO 2012\PROJECTS\PIRATES\DEBUG\PIRATES.PDB
C:\Users\Mickey\Documents\Visual Studio 2012\Projects\Pirates\Pirates\Debug\Cannon.obj
C:\Users\Mickey\Documents\Visual Studio 2012\Projects\Pirates\Pirates\Debug\CharacterMovement.obj
C:\Users\Mickey\Documents\Visual Studio 2012\Projects\Pirates\Pirates\Debug\CharacterMovementManager.obj
C:\Users\Mickey\Documents\Visual Studio 2012\Projects\Pirates\Pirates\Debug\CrewMember.obj
C:\Users\Mickey\Documents\Visual Studio 2012\Projects\Pirates\Pirates\Debug\EncounterGenerator.obj
C:\Users\Mickey\Documents\Visual Studio 2012\Projects\Pirates\Pirates\Debug\Game.obj
C:\Users\Mickey\Documents\Visual Studio 2012\Projects\Pirates\Pirates\Debug\GameController.obj
C:\Users\Mickey\Documents\Visual Studio 2012\Projects\Pirates\Pirates\Debug\LandEncounter.obj
C:\Users\Mickey\Documents\Visual Studio 2012\Projects\Pirates\Pirates\Debug\main.obj
C:\Users\Mickey\Documents\Visual Studio 2012\Projects\Pirates\Pirates\Debug\MapBlock.obj
C:\Users\Mickey\Documents\Visual Studio 2012\Projects\Pirates\Pirates\Debug\MapView.obj
C:\Users\Mickey\Documents\Visual Studio 2012\Projects\Pirates\Pirates\Debug\MapViewManager.obj
C:\Users\Mickey\Documents\Visual Studio 2012\Projects\Pirates\Pirates\Debug\MouseDragManager.obj
C:\Users\Mickey\Documents\Visual Studio 2012\Projects\Pirates\Pirates\Debug\MovableObject.obj
C:\Users\Mickey\Documents\Visual Studio 2012\Projects\Pirates\Pirates\Debug\Object.obj
C:\Users\Mickey\Documents\Visual Studio 2012\Projects\Pirates\Pirates\Debug\Ship.obj
C:\Users\Mickey\Documents\Visual Studio 2012\Projects\Pirates\Pirates\Debug\ShipActionObject.obj
C:\Users\Mickey\Documents\Visual Studio 2012\Projects\Pirates\Pirates\Debug\ShipActionObjectManager.obj
C:\Users\Mickey\Documents\Visual Studio 2012\Projects\Pirates\Pirates\Debug\ShipBlock.obj
C:\Users\Mickey\Documents\Visual Studio 2012\Projects\Pirates\Pirates\Debug\ShipCannonSlot.obj
C:\Users\Mickey\Documents\Visual Studio 2012\Projects\Pirates\Pirates\Debug\ShipView.obj
C:\Users\Mickey\Documents\Visual Studio 2012\Projects\Pirates\Pirates\Debug\ShipViewManager.obj
C:\Users\Mickey\Documents\Visual Studio 2012\Projects\Pirates\Pirates\Debug\SplashViewManager.obj
C:\Users\Mickey\Documents\Visual Studio 2012\Projects\Pirates\Pirates\Debug\Weapon.obj
C:\Users\Mickey\Documents\Visual Studio 2012\Projects\Pirates\Pirates\Debug\cl.command.1.tlog
C:\Users\Mickey\Documents\Visual Studio 2012\Projects\Pirates\Pirates\Debug\CL.read.1.tlog
C:\Users\Mickey\Documents\Visual Studio 2012\Projects\Pirates\Pirates\Debug\CL.write.1.tlog
C:\Users\Mickey\Documents\Visual Studio 2012\Projects\Pirates\Pirates\Debug\link-cvtres.read.1.tlog
C:\Users\Mickey\Documents\Visual Studio 2012\Projects\Pirates\Pirates\Debug\link-cvtres.write.1.tlog
C:\Users\Mickey\Documents\Visual Studio 2012\Projects\Pirates\Pirates\Debug\link-rc.read.1.tlog
C:\Users\Mickey\Documents\Visual Studio 2012\Projects\Pirates\Pirates\Debug\link-rc.write.1.tlog
C:\Users\Mickey\Documents\Visual Studio 2012\Projects\Pirates\Pirates\Debug\link.1528-cvtres.read.1.tlog
C:\Users\Mickey\Documents\Visual Studio 2012\Projects\Pirates\Pirates\Debug\link.1528-cvtres.write.1.tlog
C:\Users\Mickey\Documents\Visual Studio 2012\Projects\Pirates\Pirates\Debug\link.1528-rc.read.1.tlog
C:\Users\Mickey\Documents\Visual Studio 2012\Projects\Pirates\Pirates\Debug\link.1528-rc.write.1.tlog
C:\Users\Mickey\Documents\Visual Studio 2012\Projects\Pirates\Pirates\Debug\link.1528.read.1.tlog
C:\Users\Mickey\Documents\Visual Studio 2012\Projects\Pirates\Pirates\Debug\link.1528.read.2.tlog
C:\Users\Mickey\Documents\Visual Studio 2012\Projects\Pirates\Pirates\Debug\link.1528.write.1.tlog
C:\Users\Mickey\Documents\Visual Studio 2012\Projects\Pirates\Pirates\Debug\link.4284-cvtres.read.1.tlog
C:\Users\Mickey\Documents\Visual Studio 2012\Projects\Pirates\Pirates\Debug\link.4284-cvtres.write.1.tlog
C:\Users\Mickey\Documents\Visual Studio 2012\Projects\Pirates\Pirates\Debug\link.4284-rc.read.1.tlog
C:\Users\Mickey\Documents\Visual Studio 2012\Projects\Pirates\Pirates\Debug\link.4284-rc.write.1.tlog
C:\Users\Mickey\Documents\Visual Studio 2012\Projects\Pirates\Pirates\Debug\link.4284.read.1.tlog
C:\Users\Mickey\Documents\Visual Studio 2012\Projects\Pirates\Pirates\Debug\link.4284.write.1.tlog
C:\Users\Mickey\Documents\Visual Studio 2012\Projects\Pirates\Pirates\Debug\link.5932-cvtres.read.1.tlog
C:\Users\Mickey\Documents\Visual Studio 2012\Projects\Pirates\Pirates\Debug\link.5932-cvtres.write.1.tlog
C:\Users\Mickey\Documents\Visual Studio 2012\Projects\Pirates\Pirates\Debug\link.5932-rc.read.1.tlog
C:\Users\Mickey\Documents\Visual Studio 2012\Projects\Pirates\Pirates\Debug\link.5932-rc.write.1.tlog
C:\Users\Mickey\Documents\Visual Studio 2012\Projects\Pirates\Pirates\Debug\link.5932.read.1.tlog
C:\Users\Mickey\Documents\Visual Studio 2012\Projects\Pirates\Pirates\Debug\link.5932.read.2.tlog
C:\Users\Mickey\Documents\Visual Studio 2012\Projects\Pirates\Pirates\Debug\link.5932.write.1.tlog
C:\Users\Mickey\Documents\Visual Studio 2012\Projects\Pirates\Pirates\Debug\link.command.1.tlog
C:\Users\Mickey\Documents\Visual Studio 2012\Projects\Pirates\Pirates\Debug\link.read.1.tlog
C:\Users\Mickey\Documents\Visual Studio 2012\Projects\Pirates\Pirates\Debug\link.read.2.tlog
C:\Users\Mickey\Documents\Visual Studio 2012\Projects\Pirates\Pirates\Debug\link.write.1.tlog
C:\Users\Mickey\Documents\Visual Studio 2012\Projects\Pirates\Pirates\Debug\vc110.idb
C:\Users\Mickey\Documents\Visual Studio 2012\Projects\Pirates\Pirates\Debug\vc110.pdb
C:\Users\Mickey\Documents\Visual Studio 2012\Projects\Pirates\Debug\Pirates.pdb
C:\Users\Mickey\Documents\Visual Studio 2012\Projects\Pirates\Debug\Pirates.exe
C:\Users\Mickey\Documents\Visual Studio 2012\Projects\Pirates\Debug\Pirates.ilk
